<?xml version="1.0" encoding="UTF-8"?>
<!-- Generated by org.testng.reporters.JUnitReportReporter -->
<testsuite skipped="0" hostname="LAPTOP-6GEIL6I9" name="com.actitime.tests.VerifyVersionTest" tests="1" failures="0" timestamp="08 Dec 2019 13:24:27 GMT" time="31.129" errors="0">
  <testcase name="testVerifyVersion" time="31.129" classname="com.actitime.tests.VerifyVersionTest"/>
</testsuite> <!-- com.actitime.tests.VerifyVersionTest -->
