<?xml version="1.0" encoding="UTF-8"?>
<!-- Generated by org.testng.reporters.JUnitReportReporter -->
<testsuite skipped="0" hostname="LAPTOP-6GEIL6I9" name="com.actitime.tests.test" tests="1" failures="0" timestamp="30 Nov 2019 13:50:44 GMT" time="12.829" errors="0">
  <testcase name="TestMethod" time="12.829" classname="com.actitime.tests.test"/>
</testsuite> <!-- com.actitime.tests.test -->
