<?xml version="1.0" encoding="UTF-8"?>
<!-- Generated by org.testng.reporters.JUnitReportReporter -->
<testsuite skipped="0" hostname="LAPTOP-6GEIL6I9" name="com.actitime.tests.InvalidLoginTest" tests="1" failures="0" timestamp="08 Dec 2019 13:24:27 GMT" time="47.590" errors="0">
  <testcase name="testInvalidLogin" time="47.590" classname="com.actitime.tests.InvalidLoginTest"/>
</testsuite> <!-- com.actitime.tests.InvalidLoginTest -->
